[debug] [2025-12-18T16:55:20.610Z] ----------------------------------------------------------------------
[debug] [2025-12-18T16:55:20.618Z] Command:       /opt/homebrew/Cellar/node/25.2.1/bin/node /opt/homebrew/bin/firebase init hosting
[debug] [2025-12-18T16:55:20.618Z] CLI Version:   15.0.0
[debug] [2025-12-18T16:55:20.618Z] Platform:      darwin
[debug] [2025-12-18T16:55:20.618Z] Node Version:  v25.2.1
[debug] [2025-12-18T16:55:20.618Z] Time:          Thu Dec 18 2025 20:55:20 GMT+0400 (Gulf Standard Time)
[debug] [2025-12-18T16:55:20.618Z] ----------------------------------------------------------------------
[debug] 
[debug] [2025-12-18T16:55:20.619Z] >>> [apiv2][query] GET https://firebase-public.firebaseio.com/cli.json [none]
[info] 
     ######## #### ########  ######## ########     ###     ######  ########
     ##        ##  ##     ## ##       ##     ##  ##   ##  ##       ##
     ######    ##  ########  ######   ########  #########  ######  ######
     ##        ##  ##    ##  ##       ##     ## ##     ##       ## ##
     ##       #### ##     ## ######## ########  ##     ##  ######  ########

You're about to initialize a Firebase project in this directory:

  /Users/muhammadnihalcv/Documents/factorspaces/website

[info] 
=== Project Setup
[info] 
[info] First, let's associate this project directory with a Firebase project.
[info] You can create multiple project aliases by running firebase use --add, 
[info] 
[debug] [2025-12-18T16:55:21.977Z] <<< [apiv2][status] GET https://firebase-public.firebaseio.com/cli.json 200
[debug] [2025-12-18T16:55:21.977Z] <<< [apiv2][body] GET https://firebase-public.firebaseio.com/cli.json {"cloudBuildErrorAfter":1594252800000,"cloudBuildWarnAfter":1590019200000,"defaultNode10After":1594252800000,"minVersion":"3.0.5","node8DeploysDisabledAfter":1613390400000,"node8RuntimeDisabledAfter":1615809600000,"node8WarnAfter":1600128000000}
[info] i  If you want to create a project in a Google Cloud organization or folder, please use "firebase projects:create" instead, and return to this command when you've created the project. 
[debug] [2025-12-18T17:03:59.776Z] > command requires scopes: ["email","openid","https://www.googleapis.com/auth/cloudplatformprojects.readonly","https://www.googleapis.com/auth/firebase","https://www.googleapis.com/auth/cloud-platform"]
[debug] [2025-12-18T17:03:59.779Z] > authorizing via signed-in user (nhlcvsbus@gmail.com)
[debug] [2025-12-18T17:04:32.804Z] Checked if tokens are valid: false, expires at: 1763736275580
[debug] [2025-12-18T17:04:32.806Z] Checked if tokens are valid: false, expires at: 1763736275580
[debug] [2025-12-18T17:04:32.806Z] > refreshing access token with scopes: []
[debug] [2025-12-18T17:04:32.815Z] >>> [apiv2][query] POST https://www.googleapis.com/oauth2/v3/token [none]
[debug] [2025-12-18T17:04:32.815Z] >>> [apiv2][body] POST https://www.googleapis.com/oauth2/v3/token [omitted]
[debug] [2025-12-18T17:04:33.187Z] <<< [apiv2][status] POST https://www.googleapis.com/oauth2/v3/token 200
[debug] [2025-12-18T17:04:33.187Z] <<< [apiv2][body] POST https://www.googleapis.com/oauth2/v3/token [omitted]
[debug] [2025-12-18T17:04:33.201Z] >>> [apiv2][query] POST https://firebase.googleapis.com/v1/projects:checkProjectId [none]
[debug] [2025-12-18T17:04:33.201Z] >>> [apiv2][body] POST https://firebase.googleapis.com/v1/projects:checkProjectId {"proposedId":"factorspaces-public"}
[debug] [2025-12-18T17:04:34.809Z] <<< [apiv2][status] POST https://firebase.googleapis.com/v1/projects:checkProjectId 200
[debug] [2025-12-18T17:04:34.810Z] <<< [apiv2][body] POST https://firebase.googleapis.com/v1/projects:checkProjectId {"projectIdStatus":"PROJECT_ID_AVAILABLE","suggestedProjectId":"factorspaces-public"}
[debug] [2025-12-18T17:04:46.635Z] Checked if tokens are valid: true, expires at: 1766081072187
[debug] [2025-12-18T17:04:46.635Z] Checked if tokens are valid: true, expires at: 1766081072187
[debug] [2025-12-18T17:04:46.636Z] >>> [apiv2][query] POST https://cloudresourcemanager.googleapis.com/v1/projects [none]
[debug] [2025-12-18T17:04:46.636Z] >>> [apiv2][body] POST https://cloudresourcemanager.googleapis.com/v1/projects {"projectId":"factorspaces-public","name":"public"}
[debug] [2025-12-18T17:04:48.499Z] <<< [apiv2][status] POST https://cloudresourcemanager.googleapis.com/v1/projects 200
[debug] [2025-12-18T17:04:48.499Z] <<< [apiv2][body] POST https://cloudresourcemanager.googleapis.com/v1/projects {"name":"operations/create_project.global.7220860559966642986"}
[debug] [2025-12-18T17:04:48.501Z] Checked if tokens are valid: true, expires at: 1766081072187
[debug] [2025-12-18T17:04:48.501Z] Checked if tokens are valid: true, expires at: 1766081072187
[debug] [2025-12-18T17:04:48.502Z] >>> [apiv2][query] GET https://cloudresourcemanager.googleapis.com/v1/operations/create_project.global.7220860559966642986 [none]
[debug] [2025-12-18T17:04:49.805Z] <<< [apiv2][status] GET https://cloudresourcemanager.googleapis.com/v1/operations/create_project.global.7220860559966642986 200
[debug] [2025-12-18T17:04:49.805Z] <<< [apiv2][body] GET https://cloudresourcemanager.googleapis.com/v1/operations/create_project.global.7220860559966642986 {"name":"operations/create_project.global.7220860559966642986"}
[debug] [2025-12-18T17:04:50.308Z] [Project Creation Poller] Retrying task index 0
[debug] [2025-12-18T17:04:50.311Z] Checked if tokens are valid: true, expires at: 1766081072187
[debug] [2025-12-18T17:04:50.312Z] Checked if tokens are valid: true, expires at: 1766081072187
[debug] [2025-12-18T17:04:50.312Z] >>> [apiv2][query] GET https://cloudresourcemanager.googleapis.com/v1/operations/create_project.global.7220860559966642986 [none]
[debug] [2025-12-18T17:04:50.752Z] <<< [apiv2][status] GET https://cloudresourcemanager.googleapis.com/v1/operations/create_project.global.7220860559966642986 200
[debug] [2025-12-18T17:04:50.752Z] <<< [apiv2][body] GET https://cloudresourcemanager.googleapis.com/v1/operations/create_project.global.7220860559966642986 {"name":"operations/create_project.global.7220860559966642986","metadata":{"@type":"type.googleapis.com/google.cloudresourcemanager.v1.ProjectCreationStatus","gettable":true,"ready":true},"done":true,"response":{"@type":"type.googleapis.com/google.cloudresourcemanager.v1.Project","projectNumber":"1080626151994","projectId":"factorspaces-public","lifecycleState":"ACTIVE","name":"public","createTime":"2025-12-18T17:04:49.602123Z"}}
[debug] [2025-12-18T17:04:50.756Z] Checked if tokens are valid: true, expires at: 1766081072187
[debug] [2025-12-18T17:04:50.757Z] Checked if tokens are valid: true, expires at: 1766081072187
[debug] [2025-12-18T17:04:50.757Z] >>> [apiv2][query] POST https://firebase.googleapis.com/v1beta1/projects/factorspaces-public:addFirebase [none]
[debug] [2025-12-18T17:04:54.448Z] <<< [apiv2][status] POST https://firebase.googleapis.com/v1beta1/projects/factorspaces-public:addFirebase 200
[debug] [2025-12-18T17:04:54.448Z] <<< [apiv2][body] POST https://firebase.googleapis.com/v1beta1/projects/factorspaces-public:addFirebase {"name":"operations/workflows/OTllNzBmMDktMzllZi00NjA4LTliZDItYjMxZWM2ZDJjYjQx"}
[debug] [2025-12-18T17:04:54.448Z] Checked if tokens are valid: true, expires at: 1766081072187
[debug] [2025-12-18T17:04:54.449Z] Checked if tokens are valid: true, expires at: 1766081072187
[debug] [2025-12-18T17:04:54.449Z] >>> [apiv2][query] GET https://firebase.googleapis.com/v1beta1/operations/workflows/OTllNzBmMDktMzllZi00NjA4LTliZDItYjMxZWM2ZDJjYjQx [none]
[debug] [2025-12-18T17:04:55.355Z] <<< [apiv2][status] GET https://firebase.googleapis.com/v1beta1/operations/workflows/OTllNzBmMDktMzllZi00NjA4LTliZDItYjMxZWM2ZDJjYjQx 200
[debug] [2025-12-18T17:04:55.355Z] <<< [apiv2][body] GET https://firebase.googleapis.com/v1beta1/operations/workflows/OTllNzBmMDktMzllZi00NjA4LTliZDItYjMxZWM2ZDJjYjQx {"name":"operations/workflows/OTllNzBmMDktMzllZi00NjA4LTliZDItYjMxZWM2ZDJjYjQx"}
[debug] [2025-12-18T17:04:55.856Z] [Add Firebase Poller] Retrying task index 0
[debug] [2025-12-18T17:04:55.857Z] Checked if tokens are valid: true, expires at: 1766081072187
[debug] [2025-12-18T17:04:55.857Z] Checked if tokens are valid: true, expires at: 1766081072187
[debug] [2025-12-18T17:04:55.857Z] >>> [apiv2][query] GET https://firebase.googleapis.com/v1beta1/operations/workflows/OTllNzBmMDktMzllZi00NjA4LTliZDItYjMxZWM2ZDJjYjQx [none]
[debug] [2025-12-18T17:04:56.855Z] <<< [apiv2][status] GET https://firebase.googleapis.com/v1beta1/operations/workflows/OTllNzBmMDktMzllZi00NjA4LTliZDItYjMxZWM2ZDJjYjQx 200
[debug] [2025-12-18T17:04:56.855Z] <<< [apiv2][body] GET https://firebase.googleapis.com/v1beta1/operations/workflows/OTllNzBmMDktMzllZi00NjA4LTliZDItYjMxZWM2ZDJjYjQx {"name":"operations/workflows/OTllNzBmMDktMzllZi00NjA4LTliZDItYjMxZWM2ZDJjYjQx"}
[debug] [2025-12-18T17:04:57.856Z] [Add Firebase Poller] Retrying task index 0
[debug] [2025-12-18T17:04:57.858Z] Checked if tokens are valid: true, expires at: 1766081072187
[debug] [2025-12-18T17:04:57.859Z] Checked if tokens are valid: true, expires at: 1766081072187
[debug] [2025-12-18T17:04:57.859Z] >>> [apiv2][query] GET https://firebase.googleapis.com/v1beta1/operations/workflows/OTllNzBmMDktMzllZi00NjA4LTliZDItYjMxZWM2ZDJjYjQx [none]
[debug] [2025-12-18T17:04:58.752Z] <<< [apiv2][status] GET https://firebase.googleapis.com/v1beta1/operations/workflows/OTllNzBmMDktMzllZi00NjA4LTliZDItYjMxZWM2ZDJjYjQx 200
[debug] [2025-12-18T17:04:58.752Z] <<< [apiv2][body] GET https://firebase.googleapis.com/v1beta1/operations/workflows/OTllNzBmMDktMzllZi00NjA4LTliZDItYjMxZWM2ZDJjYjQx {"name":"operations/workflows/OTllNzBmMDktMzllZi00NjA4LTliZDItYjMxZWM2ZDJjYjQx"}
[debug] [2025-12-18T17:05:00.754Z] [Add Firebase Poller] Retrying task index 0
[debug] [2025-12-18T17:05:00.754Z] Checked if tokens are valid: true, expires at: 1766081072187
[debug] [2025-12-18T17:05:00.754Z] Checked if tokens are valid: true, expires at: 1766081072187
[debug] [2025-12-18T17:05:00.755Z] >>> [apiv2][query] GET https://firebase.googleapis.com/v1beta1/operations/workflows/OTllNzBmMDktMzllZi00NjA4LTliZDItYjMxZWM2ZDJjYjQx [none]
[debug] [2025-12-18T17:05:01.396Z] <<< [apiv2][status] GET https://firebase.googleapis.com/v1beta1/operations/workflows/OTllNzBmMDktMzllZi00NjA4LTliZDItYjMxZWM2ZDJjYjQx 200
[debug] [2025-12-18T17:05:01.397Z] <<< [apiv2][body] GET https://firebase.googleapis.com/v1beta1/operations/workflows/OTllNzBmMDktMzllZi00NjA4LTliZDItYjMxZWM2ZDJjYjQx {"name":"operations/workflows/OTllNzBmMDktMzllZi00NjA4LTliZDItYjMxZWM2ZDJjYjQx"}
[debug] [2025-12-18T17:05:05.399Z] [Add Firebase Poller] Retrying task index 0
[debug] [2025-12-18T17:05:05.401Z] Checked if tokens are valid: true, expires at: 1766081072187
[debug] [2025-12-18T17:05:05.402Z] Checked if tokens are valid: true, expires at: 1766081072187
[debug] [2025-12-18T17:05:05.402Z] >>> [apiv2][query] GET https://firebase.googleapis.com/v1beta1/operations/workflows/OTllNzBmMDktMzllZi00NjA4LTliZDItYjMxZWM2ZDJjYjQx [none]
[debug] [2025-12-18T17:05:05.978Z] <<< [apiv2][status] GET https://firebase.googleapis.com/v1beta1/operations/workflows/OTllNzBmMDktMzllZi00NjA4LTliZDItYjMxZWM2ZDJjYjQx 200
[debug] [2025-12-18T17:05:05.979Z] <<< [apiv2][body] GET https://firebase.googleapis.com/v1beta1/operations/workflows/OTllNzBmMDktMzllZi00NjA4LTliZDItYjMxZWM2ZDJjYjQx {"name":"operations/workflows/OTllNzBmMDktMzllZi00NjA4LTliZDItYjMxZWM2ZDJjYjQx","done":true,"response":{"@type":"type.googleapis.com/google.firebase.service.v1beta1.FirebaseProject","projectId":"factorspaces-public","projectNumber":"1080626151994","displayName":"public","name":"projects/factorspaces-public","resources":{"hostingSite":"factorspaces-public"}}}
[info] 
[info] 🎉🎉🎉 Your Firebase project is ready! 🎉🎉🎉
[info] 
[info] Project information:
[info]    - Project ID: factorspaces-public
[info]    - Project Name: public
[info] 
[info] Firebase console is available at
[info] https://console.firebase.google.com/project/factorspaces-public/overview
[info] 
=== Hosting Setup
[debug] [2025-12-18T17:05:06.018Z] Checked if tokens are valid: true, expires at: 1766081072187
[debug] [2025-12-18T17:05:06.018Z] Checked if tokens are valid: true, expires at: 1766081072187
[debug] [2025-12-18T17:05:06.018Z] >>> [apiv2][query] GET https://firebase.googleapis.com/v1beta1/projects/factorspaces-public [none]
[debug] [2025-12-18T17:05:06.949Z] <<< [apiv2][status] GET https://firebase.googleapis.com/v1beta1/projects/factorspaces-public 200
[debug] [2025-12-18T17:05:06.950Z] <<< [apiv2][body] GET https://firebase.googleapis.com/v1beta1/projects/factorspaces-public {"projectId":"factorspaces-public","projectNumber":"1080626151994","displayName":"public","name":"projects/factorspaces-public","resources":{"hostingSite":"factorspaces-public"},"state":"ACTIVE","etag":"1_28df7ce8-f3c6-4175-a76e-75ddb6fe2f08"}
[info] 
[info] Your public directory is the folder (relative to your project directory) that
[info] will contain Hosting assets to be uploaded with firebase deploy. If you
[info] have a build process for your assets, use your build's output directory.
[info] 
[info] 
[info] i  Didn't detect a .git folder. Assuming /Users/muhammadnihalcv/Documents/factorspaces/website is the project root. 
[info] i  Authorizing with GitHub to upload your service account to a GitHub repository's secrets store. 
[info] 
[info] Visit this URL on this device to log in:
[info] https://github.com/login/oauth/authorize?client_id=89cf50f02ac6aaed3484&state=761776430&redirect_uri=http%3A%2F%2Flocalhost%3A9005&scope=read%3Auser%20repo%20public_repo
[info] 
[info] Waiting for authentication...
[debug] [2025-12-18T17:09:30.713Z] >>> [apiv2][query] POST https://github.com/login/oauth/access_token [none]
[debug] [2025-12-18T17:09:30.716Z] >>> [apiv2][body] POST https://github.com/login/oauth/access_token [stream]
[debug] [2025-12-18T17:09:31.151Z] <<< [apiv2][status] POST https://github.com/login/oauth/access_token 200
[debug] [2025-12-18T17:09:31.151Z] <<< [apiv2][body] POST https://github.com/login/oauth/access_token {"access_token":"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","token_type":"bearer","scope":"read:user,repo"}
[debug] [2025-12-18T17:09:31.187Z] >>> [apiv2][query] GET https://api.github.com/user [none]
[debug] [2025-12-18T17:09:31.561Z] <<< [apiv2][status] GET https://api.github.com/user 200
[debug] [2025-12-18T17:09:31.561Z] <<< [apiv2][body] GET https://api.github.com/user {"login":"nihalmuhammad","id":54186971,"node_id":"MDQ6VXNlcjU0MTg2OTcx","avatar_url":"https://avatars.githubusercontent.com/u/54186971?v=4","gravatar_id":"","url":"https://api.github.com/users/nihalmuhammad","html_url":"https://github.com/nihalmuhammad","followers_url":"https://api.github.com/users/nihalmuhammad/followers","following_url":"https://api.github.com/users/nihalmuhammad/following{/other_user}","gists_url":"https://api.github.com/users/nihalmuhammad/gists{/gist_id}","starred_url":"https://api.github.com/users/nihalmuhammad/starred{/owner}{/repo}","subscriptions_url":"https://api.github.com/users/nihalmuhammad/subscriptions","organizations_url":"https://api.github.com/users/nihalmuhammad/orgs","repos_url":"https://api.github.com/users/nihalmuhammad/repos","events_url":"https://api.github.com/users/nihalmuhammad/events{/privacy}","received_events_url":"https://api.github.com/users/nihalmuhammad/received_events","type":"User","user_view_type":"private","site_admin":false,"name":"born curious","company":null,"blog":"","location":"kochi,india","email":"nhlcvs001@ug.cusat.ac.in","hireable":null,"bio":"creator","twitter_username":null,"notification_email":"nhlcvs001@ug.cusat.ac.in","public_repos":16,"public_gists":0,"followers":0,"following":0,"created_at":"2019-08-16T18:15:27Z","updated_at":"2025-12-18T17:09:26Z","private_gists":0,"total_private_repos":2,"owned_private_repos":2,"disk_usage":101,"collaborators":0,"two_factor_authentication":false,"plan":{"name":"free","space":976562499,"collaborators":0,"private_repos":10000}}
[info] 
[info] ✔  Success! Logged into GitHub as nihalmuhammad 
[info] 
[debug] [2025-12-18T17:09:40.668Z] >>> [apiv2][query] GET https://api.github.com/repos//actions/secrets/public-key type=owner
[debug] [2025-12-18T17:09:40.924Z] <<< [apiv2][status] GET https://api.github.com/repos//actions/secrets/public-key 404
[debug] [2025-12-18T17:09:40.924Z] <<< [apiv2][body] GET https://api.github.com/repos//actions/secrets/public-key {"message":"Not Found","documentation_url":"https://docs.github.com/rest","status":"404"}
[info] 
[info] 
[error] ⚠  The provided authorization cannot be used with this repository. If this repository is in an organization, did you remember to grant access? 
[info] 
[info] i  Action required: Visit this URL to ensure access has been granted to the appropriate organization(s) for the Firebase CLI GitHub OAuth App: 
[info] https://github.com/settings/connections/applications/89cf50f02ac6aaed3484
[info] 
[debug] [2025-12-18T17:10:48.483Z] >>> [apiv2][query] GET https://api.github.com/repos//actions/secrets/public-key type=owner
[debug] [2025-12-18T17:10:49.142Z] <<< [apiv2][status] GET https://api.github.com/repos//actions/secrets/public-key 404
[debug] [2025-12-18T17:10:49.142Z] <<< [apiv2][body] GET https://api.github.com/repos//actions/secrets/public-key {"message":"Not Found","documentation_url":"https://docs.github.com/rest","status":"404"}
[info] 
[info] 
[error] ⚠  The provided authorization cannot be used with this repository. If this repository is in an organization, did you remember to grant access? 
[info] 
[info] i  Action required: Visit this URL to ensure access has been granted to the appropriate organization(s) for the Firebase CLI GitHub OAuth App: 
[info] https://github.com/settings/connections/applications/89cf50f02ac6aaed3484
[info] 
[debug] [2025-12-18T17:12:19.132Z] ExitPromptError: User force closed the prompt with SIGINT
    at Interface.sigint (/opt/homebrew/lib/node_modules/firebase-tools/node_modules/@inquirer/core/dist/commonjs/lib/create-prompt.js:101:37)
    at Interface.emit (node:events:508:28)
    at [_ttyWrite] [as _ttyWrite] (node:internal/readline/interface:1327:18)
    at ReadStream.onkeypress (node:internal/readline/interface:284:20)
    at ReadStream.emit (node:events:520:35)
    at emitKeys (node:internal/readline/utils:371:14)
    at emitKeys.next (<anonymous>)
    at ReadStream.onData (node:internal/readline/emitKeypressEvents:64:36)
    at ReadStream.emit (node:events:508:28)
    at addChunk (node:internal/streams/readable:559:12)
[error] 
[error] Error: An unexpected error has occurred.
